{"/home/dan/projects/astro-project/src/components/TestComponent/TestComponent.tsx": {"path":"/home/dan/projects/astro-project/src/components/TestComponent/TestComponent.tsx","all":false,"statementMap":{"0":{"start":{"line":1,"column":0},"end":{"line":1,"column":29}},"1":{"start":{"line":2,"column":0},"end":{"line":2,"column":62}},"2":{"start":{"line":3,"column":0},"end":{"line":3,"column":2}},"3":{"start":{"line":4,"column":0},"end":{"line":4,"column":0}},"4":{"start":{"line":5,"column":0},"end":{"line":5,"column":29}}},"s":{"0":1,"1":1,"2":1,"3":1,"4":1},"branchMap":{"0":{"type":"branch","line":1,"loc":{"start":{"line":1,"column":22},"end":{"line":2,"column":62}},"locations":[{"start":{"line":1,"column":22},"end":{"line":2,"column":62}}]}},"b":{"0":[1]},"fnMap":{"0":{"name":"TestComponent","decl":{"start":{"line":1,"column":22},"end":{"line":2,"column":62}},"loc":{"start":{"line":1,"column":22},"end":{"line":2,"column":62}},"line":1}},"f":{"0":1}}
}
